<?xml version="1.0" encoding="UTF-8"?>
<!-- Generated by org.testng.reporters.JUnitReportReporter -->
<testsuite hostname="POL-4100KG3" failures="0" tests="5" name="testCases.TC_003_LoginDDT" time="46.526" errors="0" timestamp="2023-10-31T11:59:40 CET" skipped="0">
  <testcase classname="testCases.TC_003_LoginDDT" name="test_loginDDT" time="11.240"/>
  <testcase classname="testCases.TC_003_LoginDDT" name="test_loginDDT" time="1.704"/>
  <testcase classname="testCases.TC_003_LoginDDT" name="test_loginDDT" time="11.126"/>
  <testcase classname="testCases.TC_003_LoginDDT" name="test_loginDDT" time="11.254"/>
  <testcase classname="testCases.TC_003_LoginDDT" name="test_loginDDT" time="11.202"/>
</testsuite> <!-- testCases.TC_003_LoginDDT -->
