<?xml version="1.0" encoding="UTF-8"?>
<!-- Generated by org.testng.reporters.JUnitReportReporter -->
<testsuite hostname="POL-4100KG3" failures="0" tests="1" name="testCases.TC_002_LoginTest" time="1.079" errors="0" timestamp="2023-10-31T13:16:21 CET" skipped="0">
  <testcase classname="testCases.TC_002_LoginTest" name="test_login" time="1.079"/>
</testsuite> <!-- testCases.TC_002_LoginTest -->
