<?xml version="1.0" encoding="UTF-8"?>
<!-- Generated by org.testng.reporters.JUnitReportReporter -->
<testsuite hostname="POL-4100KG3" failures="0" tests="1" name="testCases.TC_005_AddingProductTest" time="1.332" errors="0" timestamp="2023-11-09T10:37:03 CET" skipped="0">
  <testcase classname="testCases.TC_005_AddingProductTest" name="test_addingProductToCart" time="1.332"/>
</testsuite> <!-- testCases.TC_005_AddingProductTest -->
